<?xml version="1.0" encoding="UTF-8"?>
<testsuites name="Mocha Tests" time="0.515" tests="2" failures="0">
  <testsuite name="Root Suite" timestamp="2025-05-19T13:46:11" tests="0" file="cypress\e2e\sample.cy.js" time="0.000" failures="0">
  </testsuite>
  <testsuite name="My First Test" timestamp="2025-05-19T13:46:11" tests="2" time="0.513" failures="0">
    <testcase name="My First Test Can visit the local server" time="0.426" classname="Can visit the local server">
    </testcase>
    <testcase name="My First Test Should find the title on the homepage" time="0.059" classname="Should find the title on the homepage">
    </testcase>
  </testsuite>
</testsuites>