<?xml version="1.0" encoding="UTF-8"?>
<testsuites name="Mocha Tests" time="0.4880" tests="3" failures="0">
  <testsuite name="Root Suite" timestamp="2021-03-08T03:41:53" tests="0" file="cypress\integration\sample_spec.js" time="0.0000" failures="0">
  </testsuite>
  <testsuite name="My First Test" timestamp="2021-03-08T03:41:53" tests="3" time="0.4880" failures="0">
    <testcase name="My First Test Does not do much!" time="0.0240" classname="Does not do much!">
    </testcase>
    <testcase name="My First Test Visits the Kitchen Sink" time="0.3700" classname="Visits the Kitchen Sink">
    </testcase>
    <testcase name="My First Test Can visit the local server" time="0.0940" classname="Can visit the local server">
    </testcase>
  </testsuite>
</testsuites>