<?xml version="1.0" encoding="UTF-8"?>
<testsuites name="Mocha Tests" time="0.8130" tests="3" failures="0">
  <testsuite name="Root Suite" timestamp="2021-03-09T21:08:17" tests="0" file="cypress/integration/sample_spec.js" time="0.0000" failures="0">
  </testsuite>
  <testsuite name="My First Test" timestamp="2021-03-09T21:08:17" tests="3" time="0.8130" failures="0">
    <testcase name="My First Test Does not do much!" time="0.0410" classname="Does not do much!">
    </testcase>
    <testcase name="My First Test Visits the Kitchen Sink" time="0.6040" classname="Visits the Kitchen Sink">
    </testcase>
    <testcase name="My First Test Can visit the local server" time="0.1680" classname="Can visit the local server">
    </testcase>
  </testsuite>
</testsuites>